{"contracts\\ActivationContract.sol":{"l":{"25":0,"32":0,"36":0,"40":0,"50":0,"54":0,"59":0,"68":0},"path":"D:\\DANH\\1_UEH\\Blockchain\\Project_Final\\KeyChain\\blockchain\\contracts\\ActivationContract.sol","s":{"1":0,"2":0,"3":0,"4":0,"5":0},"b":{"1":[0,0],"2":[0,0],"3":[0,0]},"f":{"1":0,"2":0,"3":0,"4":0,"5":0},"fnMap":{"1":{"name":"constructor","line":24,"loc":{"start":{"line":24,"column":4},"end":{"line":26,"column":4}}},"2":{"name":"activateLicense","line":31,"loc":{"start":{"line":31,"column":4},"end":{"line":45,"column":4}}},"3":{"name":"deactivateLicense","line":49,"loc":{"start":{"line":49,"column":4},"end":{"line":55,"column":4}}},"4":{"name":"isActive","line":58,"loc":{"start":{"line":58,"column":4},"end":{"line":60,"column":4}}},"5":{"name":"getLicense","line":63,"loc":{"start":{"line":63,"column":4},"end":{"line":69,"column":4}}}},"statementMap":{"1":{"start":{"line":32,"column":8},"end":{"line":32,"column":1278}},"2":{"start":{"line":36,"column":8},"end":{"line":36,"column":1412}},"3":{"start":{"line":50,"column":8},"end":{"line":50,"column":1912}},"4":{"start":{"line":59,"column":8},"end":{"line":59,"column":49}},"5":{"start":{"line":68,"column":8},"end":{"line":68,"column":40}}},"branchMap":{"1":{"line":32,"type":"if","locations":[{"start":{"line":32,"column":8},"end":{"line":32,"column":8}},{"start":{"line":32,"column":8},"end":{"line":32,"column":8}}]},"2":{"line":36,"type":"if","locations":[{"start":{"line":36,"column":8},"end":{"line":36,"column":8}},{"start":{"line":36,"column":8},"end":{"line":36,"column":8}}]},"3":{"line":50,"type":"if","locations":[{"start":{"line":50,"column":8},"end":{"line":50,"column":8}},{"start":{"line":50,"column":8},"end":{"line":50,"column":8}}]}}},"contracts\\GamePass.sol":{"l":{"40":0,"41":0,"48":0,"52":0,"62":0,"63":0,"64":0,"66":0,"67":0,"69":0,"70":0,"71":0,"72":0,"74":0,"83":0},"path":"D:\\DANH\\1_UEH\\Blockchain\\Project_Final\\KeyChain\\blockchain\\contracts\\GamePass.sol","s":{"1":0,"2":0,"3":0,"4":0,"5":0,"6":0,"7":0,"8":0,"9":0,"10":0,"11":0},"b":{"1":[0,0],"2":[0,0],"3":[0,0],"4":[0,0]},"f":{"1":0,"2":0,"3":0,"4":0},"fnMap":{"1":{"name":"constructor","line":39,"loc":{"start":{"line":39,"column":4},"end":{"line":42,"column":4}}},"2":{"name":"registerPass","line":47,"loc":{"start":{"line":47,"column":4},"end":{"line":56,"column":4}}},"3":{"name":"subscribe","line":61,"loc":{"start":{"line":61,"column":4},"end":{"line":75,"column":4}}},"4":{"name":"expiryOf","line":78,"loc":{"start":{"line":78,"column":4},"end":{"line":84,"column":4}}}},"statementMap":{"1":{"start":{"line":48,"column":8},"end":{"line":48,"column":1740}},"2":{"start":{"line":62,"column":8},"end":{"line":62,"column":76}},"3":{"start":{"line":63,"column":8},"end":{"line":63,"column":46}},"4":{"start":{"line":64,"column":8},"end":{"line":64,"column":81}},"5":{"start":{"line":66,"column":8},"end":{"line":66,"column":49}},"6":{"start":{"line":67,"column":8},"end":{"line":67,"column":69}},"7":{"start":{"line":69,"column":8},"end":{"line":69,"column":53}},"8":{"start":{"line":70,"column":8},"end":{"line":70,"column":76}},"9":{"start":{"line":71,"column":8},"end":{"line":71,"column":49}},"10":{"start":{"line":74,"column":8},"end":{"line":74,"column":66}},"11":{"start":{"line":83,"column":8},"end":{"line":83,"column":42}}},"branchMap":{"1":{"line":48,"type":"if","locations":[{"start":{"line":48,"column":8},"end":{"line":48,"column":8}},{"start":{"line":48,"column":8},"end":{"line":48,"column":8}}]},"2":{"line":62,"type":"if","locations":[{"start":{"line":62,"column":8},"end":{"line":62,"column":8}},{"start":{"line":62,"column":8},"end":{"line":62,"column":8}}]},"3":{"line":64,"type":"if","locations":[{"start":{"line":64,"column":8},"end":{"line":64,"column":8}},{"start":{"line":64,"column":8},"end":{"line":64,"column":8}}]},"4":{"line":70,"type":"if","locations":[{"start":{"line":70,"column":51},"end":{"line":70,"column":57}},{"start":{"line":70,"column":61},"end":{"line":70,"column":75}}]}}},"contracts\\GameStore.sol":{"l":{"43":2,"44":2,"45":2,"60":7,"61":7,"67":7,"75":3,"76":3,"78":2,"79":1,"81":1,"88":5,"93":4,"98":1,"107":5,"108":5,"109":5,"110":5,"111":6,"112":6,"113":6},"path":"D:\\DANH\\1_UEH\\Blockchain\\Project_Final\\KeyChain\\blockchain\\contracts\\GameStore.sol","s":{"1":2,"2":7,"3":3,"4":3,"5":2,"6":1,"7":1,"8":5,"9":1,"10":5,"11":5,"12":6},"b":{"1":[7,0],"2":[3,0],"3":[2,1],"4":[4,1],"5":[3,1]},"f":{"1":2,"2":7,"3":3,"4":5,"5":1,"6":5},"fnMap":{"1":{"name":"constructor","line":42,"loc":{"start":{"line":42,"column":4},"end":{"line":46,"column":4}}},"2":{"name":"registerGame","line":59,"loc":{"start":{"line":54,"column":4},"end":{"line":68,"column":4}}},"3":{"name":"purchaseLicense","line":74,"loc":{"start":{"line":74,"column":4},"end":{"line":82,"column":4}}},"4":{"name":"setGameListed","line":87,"loc":{"start":{"line":87,"column":4},"end":{"line":94,"column":4}}},"5":{"name":"gameVendor","line":97,"loc":{"start":{"line":97,"column":4},"end":{"line":99,"column":4}}},"6":{"name":"getCatalog","line":102,"loc":{"start":{"line":102,"column":4},"end":{"line":115,"column":4}}}},"statementMap":{"1":{"start":{"line":45,"column":8},"end":{"line":45,"column":49}},"2":{"start":{"line":67,"column":8},"end":{"line":67,"column":65}},"3":{"start":{"line":75,"column":8},"end":{"line":75,"column":45}},"4":{"start":{"line":76,"column":8},"end":{"line":76,"column":54}},"5":{"start":{"line":78,"column":8},"end":{"line":78,"column":75}},"6":{"start":{"line":79,"column":8},"end":{"line":79,"column":41}},"7":{"start":{"line":81,"column":8},"end":{"line":81,"column":81}},"8":{"start":{"line":88,"column":8},"end":{"line":88,"column":3524}},"9":{"start":{"line":98,"column":8},"end":{"line":98,"column":43}},"10":{"start":{"line":107,"column":8},"end":{"line":107,"column":39}},"11":{"start":{"line":110,"column":8},"end":{"line":110,"column":4282}},"12":{"start":{"line":111,"column":12},"end":{"line":111,"column":30}}},"branchMap":{"1":{"line":59,"type":"if","locations":[{"start":{"line":59,"column":15},"end":{"line":59,"column":15}},{"start":{"line":59,"column":15},"end":{"line":59,"column":15}}]},"2":{"line":74,"type":"if","locations":[{"start":{"line":74,"column":54},"end":{"line":74,"column":54}},{"start":{"line":74,"column":54},"end":{"line":74,"column":54}}]},"3":{"line":76,"type":"if","locations":[{"start":{"line":76,"column":8},"end":{"line":76,"column":8}},{"start":{"line":76,"column":8},"end":{"line":76,"column":8}}]},"4":{"line":88,"type":"if","locations":[{"start":{"line":88,"column":8},"end":{"line":88,"column":8}},{"start":{"line":88,"column":8},"end":{"line":88,"column":8}}]},"5":{"line":89,"type":"cond-expr","locations":[{"start":{"line":89,"column":12},"end":{"line":89,"column":53}},{"start":{"line":90,"column":16},"end":{"line":90,"column":54}}]}}},"contracts\\GameToken.sol":{"l":{"21":3,"35":12,"36":11,"37":10,"38":10,"44":2,"51":2,"61":3},"path":"D:\\DANH\\1_UEH\\Blockchain\\Project_Final\\KeyChain\\blockchain\\contracts\\GameToken.sol","s":{"1":3,"2":12,"3":11,"4":10,"5":2,"6":2,"7":3},"b":{"1":[12,1],"2":[11,1],"3":[10,1],"4":[2,1]},"f":{"1":3,"2":12,"3":2,"4":2,"5":3},"fnMap":{"1":{"name":"constructor","line":20,"loc":{"start":{"line":20,"column":4},"end":{"line":22,"column":4}}},"2":{"name":"createGame","line":34,"loc":{"start":{"line":29,"column":4},"end":{"line":39,"column":4}}},"3":{"name":"uri","line":43,"loc":{"start":{"line":43,"column":4},"end":{"line":45,"column":4}}},"4":{"name":"mint","line":50,"loc":{"start":{"line":50,"column":4},"end":{"line":52,"column":4}}},"5":{"name":"supportsInterface","line":55,"loc":{"start":{"line":55,"column":4},"end":{"line":62,"column":4}}}},"statementMap":{"1":{"start":{"line":21,"column":8},"end":{"line":21,"column":49}},"2":{"start":{"line":35,"column":8},"end":{"line":35,"column":79}},"3":{"start":{"line":36,"column":8},"end":{"line":36,"column":67}},"4":{"start":{"line":37,"column":8},"end":{"line":37,"column":52}},"5":{"start":{"line":44,"column":8},"end":{"line":44,"column":33}},"6":{"start":{"line":51,"column":8},"end":{"line":51,"column":32}},"7":{"start":{"line":61,"column":8},"end":{"line":61,"column":51}}},"branchMap":{"1":{"line":34,"type":"if","locations":[{"start":{"line":34,"column":15},"end":{"line":34,"column":15}},{"start":{"line":34,"column":15},"end":{"line":34,"column":15}}]},"2":{"line":35,"type":"if","locations":[{"start":{"line":35,"column":8},"end":{"line":35,"column":8}},{"start":{"line":35,"column":8},"end":{"line":35,"column":8}}]},"3":{"line":36,"type":"if","locations":[{"start":{"line":36,"column":8},"end":{"line":36,"column":8}},{"start":{"line":36,"column":8},"end":{"line":36,"column":8}}]},"4":{"line":50,"type":"if","locations":[{"start":{"line":50,"column":56},"end":{"line":50,"column":56}},{"start":{"line":50,"column":56},"end":{"line":50,"column":56}}]}}},"contracts\\IActivation.sol":{"l":{},"path":"D:\\DANH\\1_UEH\\Blockchain\\Project_Final\\KeyChain\\blockchain\\contracts\\IActivation.sol","s":{},"b":{},"f":{},"fnMap":{},"statementMap":{},"branchMap":{}},"contracts\\KeyCoin.sol":{"l":{"16":3,"17":3,"23":1,"28":1,"29":1,"35":4,"36":3},"path":"D:\\DANH\\1_UEH\\Blockchain\\Project_Final\\KeyChain\\blockchain\\contracts\\KeyCoin.sol","s":{"1":3,"2":1,"3":1,"4":4,"5":3},"b":{"1":[1,1],"2":[1,1],"3":[1,0],"4":[3,1]},"f":{"1":3,"2":1,"3":1,"4":4},"fnMap":{"1":{"name":"constructor","line":15,"loc":{"start":{"line":15,"column":4},"end":{"line":18,"column":4}}},"2":{"name":"setRate","line":22,"loc":{"start":{"line":22,"column":4},"end":{"line":24,"column":4}}},"3":{"name":"withdraw","line":27,"loc":{"start":{"line":27,"column":4},"end":{"line":30,"column":4}}},"4":{"name":"buyKeyCoin","line":34,"loc":{"start":{"line":34,"column":4},"end":{"line":37,"column":4}}}},"statementMap":{"1":{"start":{"line":17,"column":8},"end":{"line":17,"column":49}},"2":{"start":{"line":28,"column":8},"end":{"line":28,"column":71}},"3":{"start":{"line":29,"column":8},"end":{"line":29,"column":46}},"4":{"start":{"line":35,"column":8},"end":{"line":35,"column":53}},"5":{"start":{"line":36,"column":8},"end":{"line":36,"column":42}}},"branchMap":{"1":{"line":22,"type":"if","locations":[{"start":{"line":22,"column":47},"end":{"line":22,"column":47}},{"start":{"line":22,"column":47},"end":{"line":22,"column":47}}]},"2":{"line":27,"type":"if","locations":[{"start":{"line":27,"column":33},"end":{"line":27,"column":33}},{"start":{"line":27,"column":33},"end":{"line":27,"column":33}}]},"3":{"line":29,"type":"if","locations":[{"start":{"line":29,"column":8},"end":{"line":29,"column":8}},{"start":{"line":29,"column":8},"end":{"line":29,"column":8}}]},"4":{"line":35,"type":"if","locations":[{"start":{"line":35,"column":8},"end":{"line":35,"column":8}},{"start":{"line":35,"column":8},"end":{"line":35,"column":8}}]}}},"contracts\\Marketplace.sol":{"l":{"39":0,"40":0,"41":0,"53":0,"57":0,"58":0,"64":0,"73":0,"74":0,"76":0,"78":0,"81":0,"82":0,"83":0,"85":0,"92":0,"93":0,"94":0,"96":0,"97":0,"102":0,"112":0,"122":0,"126":0},"path":"D:\\DANH\\1_UEH\\Blockchain\\Project_Final\\KeyChain\\blockchain\\contracts\\Marketplace.sol","s":{"1":0,"2":0,"3":0,"4":0,"5":0,"6":0,"7":0,"8":0,"9":0,"10":0,"11":0,"12":0,"13":0,"14":0,"15":0,"16":0,"17":0},"b":{"1":[0,0],"2":[0,0],"3":[0,0],"4":[0,0],"5":[0,0],"6":[0,0],"7":[0,0],"8":[0,0]},"f":{"1":0,"2":0,"3":0,"4":0,"5":0,"6":0,"7":0,"8":0},"fnMap":{"1":{"name":"constructor","line":38,"loc":{"start":{"line":38,"column":4},"end":{"line":42,"column":4}}},"2":{"name":"listLicense","line":50,"loc":{"start":{"line":48,"column":4},"end":{"line":65,"column":4}}},"3":{"name":"buyLicense","line":72,"loc":{"start":{"line":72,"column":4},"end":{"line":86,"column":4}}},"4":{"name":"cancelListing","line":91,"loc":{"start":{"line":91,"column":4},"end":{"line":98,"column":4}}},"5":{"name":"getListing","line":101,"loc":{"start":{"line":101,"column":4},"end":{"line":103,"column":4}}},"6":{"name":"onERC1155Received","line":107,"loc":{"start":{"line":107,"column":4},"end":{"line":113,"column":4}}},"7":{"name":"onERC1155BatchReceived","line":115,"loc":{"start":{"line":115,"column":4},"end":{"line":123,"column":4}}},"8":{"name":"supportsInterface","line":125,"loc":{"start":{"line":125,"column":4},"end":{"line":129,"column":4}}}},"statementMap":{"1":{"start":{"line":53,"column":8},"end":{"line":53,"column":2198}},"2":{"start":{"line":64,"column":8},"end":{"line":64,"column":76}},"3":{"start":{"line":73,"column":8},"end":{"line":73,"column":54}},"4":{"start":{"line":74,"column":8},"end":{"line":74,"column":55}},"5":{"start":{"line":78,"column":8},"end":{"line":78,"column":3236}},"6":{"start":{"line":81,"column":8},"end":{"line":81,"column":60}},"7":{"start":{"line":82,"column":8},"end":{"line":82,"column":84}},"8":{"start":{"line":83,"column":8},"end":{"line":83,"column":84}},"9":{"start":{"line":85,"column":8},"end":{"line":85,"column":58}},"10":{"start":{"line":92,"column":8},"end":{"line":92,"column":54}},"11":{"start":{"line":93,"column":8},"end":{"line":93,"column":55}},"12":{"start":{"line":94,"column":8},"end":{"line":94,"column":71}},"13":{"start":{"line":97,"column":8},"end":{"line":97,"column":84}},"14":{"start":{"line":102,"column":8},"end":{"line":102,"column":35}},"15":{"start":{"line":112,"column":8},"end":{"line":112,"column":46}},"16":{"start":{"line":122,"column":8},"end":{"line":122,"column":51}},"17":{"start":{"line":126,"column":8},"end":{"line":126,"column":5038}}},"branchMap":{"1":{"line":50,"type":"if","locations":[{"start":{"line":50,"column":8},"end":{"line":50,"column":8}},{"start":{"line":50,"column":8},"end":{"line":50,"column":8}}]},"2":{"line":53,"type":"if","locations":[{"start":{"line":53,"column":8},"end":{"line":53,"column":8}},{"start":{"line":53,"column":8},"end":{"line":53,"column":8}}]},"3":{"line":72,"type":"if","locations":[{"start":{"line":72,"column":52},"end":{"line":72,"column":52}},{"start":{"line":72,"column":52},"end":{"line":72,"column":52}}]},"4":{"line":74,"type":"if","locations":[{"start":{"line":74,"column":8},"end":{"line":74,"column":8}},{"start":{"line":74,"column":8},"end":{"line":74,"column":8}}]},"5":{"line":91,"type":"if","locations":[{"start":{"line":91,"column":55},"end":{"line":91,"column":55}},{"start":{"line":91,"column":55},"end":{"line":91,"column":55}}]},"6":{"line":93,"type":"if","locations":[{"start":{"line":93,"column":8},"end":{"line":93,"column":8}},{"start":{"line":93,"column":8},"end":{"line":93,"column":8}}]},"7":{"line":94,"type":"if","locations":[{"start":{"line":94,"column":8},"end":{"line":94,"column":8}},{"start":{"line":94,"column":8},"end":{"line":94,"column":8}}]},"8":{"line":127,"type":"cond-expr","locations":[{"start":{"line":127,"column":12},"end":{"line":127,"column":60}},{"start":{"line":128,"column":12},"end":{"line":128,"column":36}}]}}}}